<?xml version="1.0" encoding="UTF-8"?>
<!-- Generated by org.testng.reporters.JUnitReportReporter -->
<testsuite skipped="0" hostname="Dejans-MacBook-Pro.local" name="com.bexio.logInHomeScreen.ForgotPassTest" tests="1" failures="0" timestamp="10 Feb 2021 11:58:51 GMT" time="47.474" errors="0">
  <testcase name="forgotPass" time="47.474" classname="com.bexio.logInHomeScreen.ForgotPassTest"/>
</testsuite> <!-- com.bexio.logInHomeScreen.ForgotPassTest -->
