<?xml version="1.0" encoding="UTF-8"?>
<!-- Generated by org.testng.reporters.JUnitReportReporter -->
<testsuite skipped="0" hostname="Dejans-MacBook-Pro.local" name="com.bexio.logInHomeScreen.LogInRejectRequestAccessTest" tests="1" failures="0" timestamp="10 Feb 2021 11:58:56 GMT" time="36.612" errors="0">
  <testcase name="logInRejectRequestAccess" time="36.612" classname="com.bexio.logInHomeScreen.LogInRejectRequestAccessTest"/>
</testsuite> <!-- com.bexio.logInHomeScreen.LogInRejectRequestAccessTest -->
