<?xml version="1.0" encoding="UTF-8"?>
<!-- Generated by org.testng.reporters.JUnitReportReporter -->
<testsuite skipped="1" hostname="Dejans-MacBook-Pro.local" name="com.bexio.logInHomeScreen.LogInRejectRequestAccessTest" tests="2" failures="0" timestamp="10 Feb 2021 15:19:52 GMT" time="84.353" errors="0">
  <testcase name="logInRejectRequestAccess" time="35.777" classname="com.bexio.logInHomeScreen.LogInRejectRequestAccessTest"/>
  <testcase name="logInRejectRequestAccess" time="48.576" classname="com.bexio.logInHomeScreen.LogInRejectRequestAccessTest">
    <skipped/>
  </testcase> <!-- logInRejectRequestAccess -->
</testsuite> <!-- com.bexio.logInHomeScreen.LogInRejectRequestAccessTest -->
