<?xml version="1.0" encoding="UTF-8"?>
<!-- Generated by org.testng.reporters.JUnitReportReporter -->
<testsuite skipped="0" hostname="Dejans-MacBook-Pro.local" name="com.bexio.logInHomeScreen.SceneVerificationTest" tests="1" failures="0" timestamp="10 Feb 2021 15:19:37 GMT" time="13.021" errors="0">
  <testcase name="sceneVerification" time="13.021" classname="com.bexio.logInHomeScreen.SceneVerificationTest"/>
</testsuite> <!-- com.bexio.logInHomeScreen.SceneVerificationTest -->
