<?xml version="1.0" encoding="UTF-8"?>
<!-- Generated by org.testng.reporters.JUnitReportReporter -->
<testsuite skipped="0" hostname="Dejans-MacBook-Pro.local" name="com.bexio.logInHomeScreen.RemoveExistingAccountTest" tests="1" failures="0" timestamp="10 Feb 2021 15:19:47 GMT" time="70.502" errors="0">
  <testcase name="removeExistingAccout" time="70.502" classname="com.bexio.logInHomeScreen.RemoveExistingAccountTest"/>
</testsuite> <!-- com.bexio.logInHomeScreen.RemoveExistingAccountTest -->
